[     906ms] ReferenceError: React is not defined
    at Object.render [as originalStoryFn] (http://localhost:6006/stories/basic-components/icon.stories.tsx?t=1771203125584:41:39)
    at jsxDecorator (http://localhost:6006/@fs/F:/jellyfish/design-system/node_modules/.pnpm/@storybook+react@10.2.8_react-dom@18.3.1_react@18.3.1_storybook@10.2.8_typescript@5.5.4/node_modules/@storybook/react/dist/_browser-chunks/chunk-CMP5DLKH.js?v=4d2ad123:93:25)
    at hookified (http://localhost:6006/node_modules/.cache/storybook/10.2.8/80db652278c0f05725d9ebdf3ef2d8ebc2c253a471a8edf1c62660ccb8b47c41/sb-vite/deps/storybook_internal_preview_runtime.js?v=cd31c994:15735:18)
    at http://localhost:6006/node_modules/.cache/storybook/10.2.8/80db652278c0f05725d9ebdf3ef2d8ebc2c253a471a8edf1c62660ccb8b47c41/sb-vite/deps/storybook_internal_preview_runtime.js?v=cd31c994:34363:23
    at http://localhost:6006/node_modules/.cache/storybook/10.2.8/80db652278c0f05725d9ebdf3ef2d8ebc2c253a471a8edf1c62660ccb8b47c41/sb-vite/deps/storybook_internal_preview_runtime.js?v=cd31c994:34386:8
    at withVisionSimulator (http://localhost:6006/@fs/F:/jellyfish/design-system/node_modules/.pnpm/@storybook+addon-a11y@10.2.8_storybook@10.2.8/node_modules/@storybook/addon-a11y/dist/_browser-chunks/chunk-2FVV6YOY.js?v=4d2ad123:120:12)
    at hookified (http://localhost:6006/node_modules/.cache/storybook/10.2.8/80db652278c0f05725d9ebdf3ef2d8ebc2c253a471a8edf1c62660ccb8b47c41/sb-vite/deps/storybook_internal_preview_runtime.js?v=cd31c994:15735:18)
    at http://localhost:6006/node_modules/.cache/storybook/10.2.8/80db652278c0f05725d9ebdf3ef2d8ebc2c253a471a8edf1c62660ccb8b47c41/sb-vite/deps/storybook_internal_preview_runtime.js?v=cd31c994:34363:23
    at http://localhost:6006/node_modules/.cache/storybook/10.2.8/80db652278c0f05725d9ebdf3ef2d8ebc2c253a471a8edf1c62660ccb8b47c41/sb-vite/deps/storybook_internal_preview_runtime.js?v=cd31c994:34386:8
    at http://localhost:6006/@fs/F:/jellyfish/design-system/node_modules/.pnpm/@storybook+react@10.2.8_react-dom@18.3.1_react@18.3.1_storybook@10.2.8_typescript@5.5.4/node_modules/@storybook/react/dist/_browser-chunks/chunk-L3JF7GGZ.js?v=4d2ad123:139:14
[     908ms] ReferenceError: React is not defined
    at Object.render [as originalStoryFn] (http://localhost:6006/stories/basic-components/icon.stories.tsx?t=1771203125584:41:39)
    at jsxDecorator (http://localhost:6006/@fs/F:/jellyfish/design-system/node_modules/.pnpm/@storybook+react@10.2.8_react-dom@18.3.1_react@18.3.1_storybook@10.2.8_typescript@5.5.4/node_modules/@storybook/react/dist/_browser-chunks/chunk-CMP5DLKH.js?v=4d2ad123:93:25)
    at hookified (http://localhost:6006/node_modules/.cache/storybook/10.2.8/80db652278c0f05725d9ebdf3ef2d8ebc2c253a471a8edf1c62660ccb8b47c41/sb-vite/deps/storybook_internal_preview_runtime.js?v=cd31c994:15735:18)
    at http://localhost:6006/node_modules/.cache/storybook/10.2.8/80db652278c0f05725d9ebdf3ef2d8ebc2c253a471a8edf1c62660ccb8b47c41/sb-vite/deps/storybook_internal_preview_runtime.js?v=cd31c994:34363:23
    at http://localhost:6006/node_modules/.cache/storybook/10.2.8/80db652278c0f05725d9ebdf3ef2d8ebc2c253a471a8edf1c62660ccb8b47c41/sb-vite/deps/storybook_internal_preview_runtime.js?v=cd31c994:34386:8
    at withVisionSimulator (http://localhost:6006/@fs/F:/jellyfish/design-system/node_modules/.pnpm/@storybook+addon-a11y@10.2.8_storybook@10.2.8/node_modules/@storybook/addon-a11y/dist/_browser-chunks/chunk-2FVV6YOY.js?v=4d2ad123:120:12)
    at hookified (http://localhost:6006/node_modules/.cache/storybook/10.2.8/80db652278c0f05725d9ebdf3ef2d8ebc2c253a471a8edf1c62660ccb8b47c41/sb-vite/deps/storybook_internal_preview_runtime.js?v=cd31c994:15735:18)
    at http://localhost:6006/node_modules/.cache/storybook/10.2.8/80db652278c0f05725d9ebdf3ef2d8ebc2c253a471a8edf1c62660ccb8b47c41/sb-vite/deps/storybook_internal_preview_runtime.js?v=cd31c994:34363:23
    at http://localhost:6006/node_modules/.cache/storybook/10.2.8/80db652278c0f05725d9ebdf3ef2d8ebc2c253a471a8edf1c62660ccb8b47c41/sb-vite/deps/storybook_internal_preview_runtime.js?v=cd31c994:34386:8
    at http://localhost:6006/@fs/F:/jellyfish/design-system/node_modules/.pnpm/@storybook+react@10.2.8_react-dom@18.3.1_react@18.3.1_storybook@10.2.8_typescript@5.5.4/node_modules/@storybook/react/dist/_browser-chunks/chunk-L3JF7GGZ.js?v=4d2ad123:139:14
[     909ms] [ERROR] The above error occurred in the <unboundStoryFn> component:

    at unboundStoryFn (http://localhost:6006/node_modules/.cache/storybook/10.2.8/80db652278c0f05725d9ebdf3ef2d8ebc2c253a471a8edf1c62660ccb8b47c41/sb-vite/deps/storybook_internal_preview_runtime.js?v=cd31c994:34449:245)
    at ErrorBoundary (http://localhost:6006/@fs/F:/jellyfish/design-system/node_modules/.pnpm/@storybook+react@10.2.8_react-dom@18.3.1_react@18.3.1_storybook@10.2.8_typescript@5.5.4/node_modules/@storybook/react/dist/_browser-chunks/chunk-L3JF7GGZ.js?v=4d2ad123:84:5)

React will try to recreate this component tree from scratch using the error boundary you provided, ErrorBoundary. @ http://localhost:6006/node_modules/.cache/storybook/10.2.8/80db652278c0f05725d9ebdf3ef2d8ebc2c253a471a8edf1c62660ccb8b47c41/sb-vite/deps/chunk-GYAB4UA7.js?v=4d2ad123:14079
[     910ms] [ERROR] Error rendering story 'basic-icon--sizes': @ http://localhost:6006/node_modules/.cache/storybook/10.2.8/80db652278c0f05725d9ebdf3ef2d8ebc2c253a471a8edf1c62660ccb8b47c41/sb-vite/deps/storybook_internal_preview_runtime.js?v=cd31c994:13663
[     910ms] [ERROR] ReferenceError: React is not defined
    at Object.render [as originalStoryFn] (http://localhost:6006/stories/basic-components/icon.stories.tsx?t=1771203125584:41:39)
    at jsxDecorator (http://localhost:6006/@fs/F:/jellyfish/design-system/node_modules/.pnpm/@storybook+react@10.2.8_react-dom@18.3.1_react@18.3.1_storybook@10.2.8_typescript@5.5.4/node_modules/@storybook/react/dist/_browser-chunks/chunk-CMP5DLKH.js?v=4d2ad123:93:25)
    at hookified (http://localhost:6006/node_modules/.cache/storybook/10.2.8/80db652278c0f05725d9ebdf3ef2d8ebc2c253a471a8edf1c62660ccb8b47c41/sb-vite/deps/storybook_internal_preview_runtime.js?v=cd31c994:15735:18)
    at http://localhost:6006/node_modules/.cache/storybook/10.2.8/80db652278c0f05725d9ebdf3ef2d8ebc2c253a471a8edf1c62660ccb8b47c41/sb-vite/deps/storybook_internal_preview_runtime.js?v=cd31c994:34363:23
    at http://localhost:6006/node_modules/.cache/storybook/10.2.8/80db652278c0f05725d9ebdf3ef2d8ebc2c253a471a8edf1c62660ccb8b47c41/sb-vite/deps/storybook_internal_preview_runtime.js?v=cd31c994:34386:8
    at withVisionSimulator (http://localhost:6006/@fs/F:/jellyfish/design-system/node_modules/.pnpm/@storybook+addon-a11y@10.2.8_storybook@10.2.8/node_modules/@storybook/addon-a11y/dist/_browser-chunks/chunk-2FVV6YOY.js?v=4d2ad123:120:12)
    at hookified (http://localhost:6006/node_modules/.cache/storybook/10.2.8/80db652278c0f05725d9ebdf3ef2d8ebc2c253a471a8edf1c62660ccb8b47c41/sb-vite/deps/storybook_internal_preview_runtime.js?v=cd31c994:15735:18)
    at http://localhost:6006/node_modules/.cache/storybook/10.2.8/80db652278c0f05725d9ebdf3ef2d8ebc2c253a471a8edf1c62660ccb8b47c41/sb-vite/deps/storybook_internal_preview_runtime.js?v=cd31c994:34363:23
    at http://localhost:6006/node_modules/.cache/storybook/10.2.8/80db652278c0f05725d9ebdf3ef2d8ebc2c253a471a8edf1c62660ccb8b47c41/sb-vite/deps/storybook_internal_preview_runtime.js?v=cd31c994:34386:8
    at http://localhost:6006/@fs/F:/jellyfish/design-system/node_modules/.pnpm/@storybook+react@10.2.8_react-dom@18.3.1_react@18.3.1_storybook@10.2.8_typescript@5.5.4/node_modules/@storybook/react/dist/_browser-chunks/chunk-L3JF7GGZ.js?v=4d2ad123:139:14 @ http://localhost:6006/node_modules/.cache/storybook/10.2.8/80db652278c0f05725d9ebdf3ef2d8ebc2c253a471a8edf1c62660ccb8b47c41/sb-vite/deps/storybook_internal_preview_runtime.js?v=cd31c994:13663
